{"C:\\Users\\antoi\\Documents\\GIT\\fork\\skill-level3\\src\\utils\\dateHelpers.ts": {"path":"C:\\Users\\antoi\\Documents\\GIT\\fork\\skill-level3\\src\\utils\\dateHelpers.ts","all":false,"statementMap":{"0":{"start":{"line":1,"column":0},"end":{"line":1,"column":61}},"2":{"start":{"line":3,"column":0},"end":{"line":3,"column":48}},"3":{"start":{"line":4,"column":0},"end":{"line":4,"column":17}},"4":{"start":{"line":5,"column":0},"end":{"line":5,"column":3}},"6":{"start":{"line":7,"column":0},"end":{"line":7,"column":36}},"9":{"start":{"line":10,"column":0},"end":{"line":10,"column":30}},"10":{"start":{"line":11,"column":0},"end":{"line":11,"column":17}},"11":{"start":{"line":12,"column":0},"end":{"line":12,"column":3}},"16":{"start":{"line":17,"column":0},"end":{"line":17,"column":33}},"17":{"start":{"line":18,"column":0},"end":{"line":18,"column":67}},"18":{"start":{"line":19,"column":0},"end":{"line":19,"column":42}},"19":{"start":{"line":20,"column":0},"end":{"line":20,"column":44}},"20":{"start":{"line":21,"column":0},"end":{"line":21,"column":37}},"22":{"start":{"line":23,"column":0},"end":{"line":23,"column":12}},"23":{"start":{"line":24,"column":0},"end":{"line":24,"column":38}},"24":{"start":{"line":25,"column":0},"end":{"line":25,"column":40}},"25":{"start":{"line":26,"column":0},"end":{"line":26,"column":33}},"27":{"start":{"line":28,"column":0},"end":{"line":28,"column":3}},"29":{"start":{"line":30,"column":0},"end":{"line":30,"column":14}},"30":{"start":{"line":31,"column":0},"end":{"line":31,"column":2}},"32":{"start":{"line":33,"column":0},"end":{"line":33,"column":27}},"33":{"start":{"line":34,"column":0},"end":{"line":34,"column":21}},"34":{"start":{"line":35,"column":0},"end":{"line":35,"column":26}},"35":{"start":{"line":36,"column":0},"end":{"line":36,"column":14}},"36":{"start":{"line":37,"column":0},"end":{"line":37,"column":36}},"37":{"start":{"line":38,"column":0},"end":{"line":38,"column":42}},"38":{"start":{"line":39,"column":0},"end":{"line":39,"column":20}},"39":{"start":{"line":40,"column":0},"end":{"line":40,"column":18}},"40":{"start":{"line":41,"column":0},"end":{"line":41,"column":19}},"41":{"start":{"line":42,"column":0},"end":{"line":42,"column":5}},"42":{"start":{"line":43,"column":0},"end":{"line":43,"column":2}},"44":{"start":{"line":45,"column":0},"end":{"line":45,"column":49}},"45":{"start":{"line":46,"column":0},"end":{"line":46,"column":27}},"46":{"start":{"line":47,"column":0},"end":{"line":47,"column":10}},"47":{"start":{"line":48,"column":0},"end":{"line":48,"column":41}},"48":{"start":{"line":49,"column":0},"end":{"line":49,"column":43}},"49":{"start":{"line":50,"column":0},"end":{"line":50,"column":46}},"51":{"start":{"line":52,"column":0},"end":{"line":52,"column":2}},"53":{"start":{"line":54,"column":0},"end":{"line":54,"column":74}},"54":{"start":{"line":55,"column":0},"end":{"line":55,"column":36}},"55":{"start":{"line":56,"column":0},"end":{"line":56,"column":27}},"57":{"start":{"line":58,"column":0},"end":{"line":58,"column":29}},"59":{"start":{"line":60,"column":0},"end":{"line":60,"column":42}},"60":{"start":{"line":61,"column":0},"end":{"line":61,"column":80}},"61":{"start":{"line":62,"column":0},"end":{"line":62,"column":36}},"63":{"start":{"line":64,"column":0},"end":{"line":64,"column":29}},"64":{"start":{"line":65,"column":0},"end":{"line":65,"column":46}},"65":{"start":{"line":66,"column":0},"end":{"line":66,"column":3}},"67":{"start":{"line":68,"column":0},"end":{"line":68,"column":60}},"68":{"start":{"line":69,"column":0},"end":{"line":69,"column":64}},"70":{"start":{"line":71,"column":0},"end":{"line":71,"column":18}},"71":{"start":{"line":72,"column":0},"end":{"line":72,"column":2}}},"s":{"0":1,"2":5,"3":1,"4":1,"6":4,"9":5,"10":1,"11":1,"16":5,"17":2,"18":2,"19":2,"20":2,"22":2,"23":2,"24":2,"25":1,"27":2,"29":1,"30":1,"32":1,"33":4,"34":4,"35":4,"36":4,"37":4,"38":4,"39":4,"40":4,"41":4,"42":4,"44":1,"45":4,"46":4,"47":4,"48":2,"49":2,"51":4,"53":1,"54":5,"55":5,"57":5,"59":5,"60":5,"61":5,"63":5,"64":1,"65":1,"67":5,"68":5,"70":5,"71":5},"branchMap":{"0":{"type":"branch","line":1,"loc":{"start":{"line":1,"column":27},"end":{"line":31,"column":2}},"locations":[{"start":{"line":1,"column":27},"end":{"line":31,"column":2}}]},"1":{"type":"branch","line":3,"loc":{"start":{"line":3,"column":7},"end":{"line":3,"column":47}},"locations":[{"start":{"line":3,"column":7},"end":{"line":3,"column":47}}]},"2":{"type":"branch","line":3,"loc":{"start":{"line":3,"column":47},"end":{"line":5,"column":3}},"locations":[{"start":{"line":3,"column":47},"end":{"line":5,"column":3}}]},"3":{"type":"branch","line":5,"loc":{"start":{"line":5,"column":2},"end":{"line":10,"column":29}},"locations":[{"start":{"line":5,"column":2},"end":{"line":10,"column":29}}]},"4":{"type":"branch","line":10,"loc":{"start":{"line":10,"column":29},"end":{"line":12,"column":3}},"locations":[{"start":{"line":10,"column":29},"end":{"line":12,"column":3}}]},"5":{"type":"branch","line":12,"loc":{"start":{"line":12,"column":2},"end":{"line":17,"column":32}},"locations":[{"start":{"line":12,"column":2},"end":{"line":17,"column":32}}]},"6":{"type":"branch","line":17,"loc":{"start":{"line":17,"column":32},"end":{"line":28,"column":3}},"locations":[{"start":{"line":17,"column":32},"end":{"line":28,"column":3}}]},"7":{"type":"branch","line":25,"loc":{"start":{"line":25,"column":36},"end":{"line":26,"column":33}},"locations":[{"start":{"line":25,"column":36},"end":{"line":26,"column":33}}]},"8":{"type":"branch","line":28,"loc":{"start":{"line":28,"column":2},"end":{"line":31,"column":2}},"locations":[{"start":{"line":28,"column":2},"end":{"line":31,"column":2}}]},"9":{"type":"branch","line":33,"loc":{"start":{"line":33,"column":26},"end":{"line":43,"column":2}},"locations":[{"start":{"line":33,"column":26},"end":{"line":43,"column":2}}]},"10":{"type":"branch","line":45,"loc":{"start":{"line":45,"column":23},"end":{"line":52,"column":2}},"locations":[{"start":{"line":45,"column":23},"end":{"line":52,"column":2}}]},"11":{"type":"branch","line":48,"loc":{"start":{"line":48,"column":37},"end":{"line":49,"column":43}},"locations":[{"start":{"line":48,"column":37},"end":{"line":49,"column":43}}]},"12":{"type":"branch","line":49,"loc":{"start":{"line":49,"column":39},"end":{"line":50,"column":46}},"locations":[{"start":{"line":49,"column":39},"end":{"line":50,"column":46}}]},"13":{"type":"branch","line":54,"loc":{"start":{"line":54,"column":42},"end":{"line":72,"column":2}},"locations":[{"start":{"line":54,"column":42},"end":{"line":72,"column":2}}]},"14":{"type":"branch","line":64,"loc":{"start":{"line":64,"column":28},"end":{"line":66,"column":3}},"locations":[{"start":{"line":64,"column":28},"end":{"line":66,"column":3}}]}},"b":{"0":[5],"1":[4],"2":[1],"3":[4],"4":[1],"5":[3],"6":[2],"7":[1],"8":[1],"9":[4],"10":[4],"11":[2],"12":[2],"13":[5],"14":[1]},"fnMap":{"0":{"name":"isValidDate","decl":{"start":{"line":1,"column":27},"end":{"line":31,"column":2}},"loc":{"start":{"line":1,"column":27},"end":{"line":31,"column":2}},"line":1},"1":{"name":"formatDate","decl":{"start":{"line":33,"column":26},"end":{"line":43,"column":2}},"loc":{"start":{"line":33,"column":26},"end":{"line":43,"column":2}},"line":33},"2":{"name":"isToday","decl":{"start":{"line":45,"column":23},"end":{"line":52,"column":2}},"loc":{"start":{"line":45,"column":23},"end":{"line":52,"column":2}},"line":45},"3":{"name":"calculateDaysUntilBirthday","decl":{"start":{"line":54,"column":42},"end":{"line":72,"column":2}},"loc":{"start":{"line":54,"column":42},"end":{"line":72,"column":2}},"line":54}},"f":{"0":5,"1":4,"2":4,"3":5}}
}
